2026-03-18 17:29:19,029 [INFO] Activator:176 - 


2026-03-18 17:29:19,037 [INFO] Activator:177 - !SESSION log4j initialized
2026-03-18 17:29:25,505 [INFO] LogOutputStream:77 - [STDOUT_REDIRECT] 
2026-03-18 17:29:26,820 [INFO] ApplicationProperties:184 - Using Application install path: /home/Andrea/st/stm32cubeide_1.16.1_2/plugins/com.st.stm32cube.common.mx_6.12.1.202409122256
2026-03-18 17:29:26,848 [INFO] DbMcusXml:78 - Set database path to: /home/Andrea/st/stm32cubeide_1.16.1_2/plugins/com.st.stm32cube.common.mx_6.12.1.202409122256//db//mcu/
2026-03-18 17:29:26,850 [INFO] ApiDb:274 - Set plugin database path to: /home/Andrea/st/stm32cubeide_1.16.1_2/plugins/com.st.stm32cube.common.mx_6.12.1.202409122256//db//plugins/boardmanager/
2026-03-18 17:29:26,850 [WARN] ApiDb:259 - Overriding images path with different value:  => /home/Andrea/st/stm32cubeide_1.16.1_2/plugins/com.st.stm32cube.common.mx_6.12.1.202409122256//db//plugins/mcufinder/images/
2026-03-18 17:29:26,860 [INFO] ApiDb:250 - Set database path to: /root/.stmcufinder/plugins/mcufinder//mcu/
2026-03-18 17:29:26,862 [INFO] DbMcusAds:125 - Set database path to: /root/.stmcufinder/plugins/mcufinder//mcu/
2026-03-18 17:29:26,866 [INFO] CrossReferenceDbSqlite:203 - Set database path to: /root/.stmcufinder/plugins/mcufinder//mcu/cs/
2026-03-18 17:29:27,148 [INFO] RulesReader:64 - Compatibility file has been processed (297 Rules)
2026-03-18 17:29:27,287 [INFO] DbMcusXml:78 - Set database path to: /home/Andrea/st/stm32cubeide_1.16.1_2/plugins/com.st.stm32cube.common.mx_6.12.1.202409122256//db//mcu/
2026-03-18 17:29:27,287 [INFO] ApiDb:274 - Set plugin database path to: /home/Andrea/st/stm32cubeide_1.16.1_2/plugins/com.st.stm32cube.common.mx_6.12.1.202409122256//db//plugins/boardmanager/
2026-03-18 17:29:27,288 [INFO] ApiDb:261 - Set plugin images path to: /home/Andrea/st/stm32cubeide_1.16.1_2/plugins/com.st.stm32cube.common.mx_6.12.1.202409122256//db//plugins/mcufinder/images/
2026-03-18 17:29:27,289 [WARN] DbFile:41 - Overriding database path with different value: /root/.stmcufinder/plugins/mcufinder/ => /root/.stmcufinder/plugins/mcufinder
2026-03-18 17:29:27,290 [INFO] ApiDb:250 - Set database path to: /root/.stmcufinder/plugins/mcufinder//mcu/
2026-03-18 17:29:27,290 [WARN] DbFile:41 - Overriding database path with different value: /root/.stmcufinder/plugins/mcufinder/ => /root/.stmcufinder/plugins/mcufinder
2026-03-18 17:29:27,290 [INFO] DbMcusAds:125 - Set database path to: /root/.stmcufinder/plugins/mcufinder//mcu/
2026-03-18 17:29:27,291 [WARN] DbFile:41 - Overriding database path with different value: /root/.stmcufinder/plugins/mcufinder/ => /root/.stmcufinder/plugins/mcufinder
2026-03-18 17:29:27,291 [WARN] DbFile:41 - Overriding database path with different value: /root/.stmcufinder/plugins/mcufinder/ => /root/.stmcufinder/plugins/mcufinder
2026-03-18 17:29:27,291 [INFO] CrossReferenceDbSqlite:203 - Set database path to: /root/.stmcufinder/plugins/mcufinder//mcu/cs/
2026-03-18 17:29:27,404 [INFO] MainPanel:268 - HeapMemory: 268435456
2026-03-18 17:29:27,569 [INFO] DbMcusXml:78 - Set database path to: /home/Andrea/st/stm32cubeide_1.16.1_2/plugins/com.st.stm32cube.common.mx_6.12.1.202409122256//db//mcu/
2026-03-18 17:29:27,569 [INFO] ApiDb:274 - Set plugin database path to: /home/Andrea/st/stm32cubeide_1.16.1_2/plugins/com.st.stm32cube.common.mx_6.12.1.202409122256//db//plugins/boardmanager/
2026-03-18 17:29:27,569 [INFO] ApiDb:261 - Set plugin images path to: /home/Andrea/st/stm32cubeide_1.16.1_2/plugins/com.st.stm32cube.common.mx_6.12.1.202409122256//db//plugins/mcufinder/images/
2026-03-18 17:29:27,570 [WARN] DbFile:41 - Overriding database path with different value: /root/.stmcufinder/plugins/mcufinder/ => /root/.stmcufinder/plugins/mcufinder
2026-03-18 17:29:27,570 [INFO] ApiDb:250 - Set database path to: /root/.stmcufinder/plugins/mcufinder//mcu/
2026-03-18 17:29:27,570 [WARN] DbFile:41 - Overriding database path with different value: /root/.stmcufinder/plugins/mcufinder/ => /root/.stmcufinder/plugins/mcufinder
2026-03-18 17:29:27,570 [INFO] DbMcusAds:125 - Set database path to: /root/.stmcufinder/plugins/mcufinder//mcu/
2026-03-18 17:29:27,570 [WARN] DbFile:41 - Overriding database path with different value: /root/.stmcufinder/plugins/mcufinder/ => /root/.stmcufinder/plugins/mcufinder
2026-03-18 17:29:27,571 [WARN] DbFile:41 - Overriding database path with different value: /root/.stmcufinder/plugins/mcufinder/ => /root/.stmcufinder/plugins/mcufinder
2026-03-18 17:29:27,571 [INFO] CrossReferenceDbSqlite:203 - Set database path to: /root/.stmcufinder/plugins/mcufinder//mcu/cs/
2026-03-18 17:29:27,590 [INFO] ApplicationProperties:184 - Using Application install path: /home/Andrea/st/stm32cubeide_1.16.1_2/plugins/com.st.stm32cube.common.mx_6.12.1.202409122256
2026-03-18 17:29:27,592 [INFO] PluginManage:196 - Search for loadable plugins [exclusion list=, ]
2026-03-18 17:29:27,594 [INFO] PluginManage:310 - Check plugin analytics
2026-03-18 17:29:27,875 [INFO] AnalyticsPlugin:253 - Accepted Software Licenses: 
2026-03-18 17:29:27,875 [INFO] AnalyticsPlugin:255 - Accepted CMSIS Pack Licenses: 
2026-03-18 17:29:27,875 [INFO] AnalyticsPlugin:257 - Accepted Firmware Licenses: 
2026-03-18 17:29:27,881 [INFO] PluginManage:359 - Loaded plugin analytics (category:tool,tabindex:-1)
2026-03-18 17:29:27,882 [INFO] PluginManage:310 - Check plugin cadmodel
2026-03-18 17:29:27,887 [INFO] CADModel:105 - Init CAD model plugin
2026-03-18 17:29:27,887 [INFO] PluginManage:359 - Loaded plugin cadmodel (category:power,tabindex:5)
2026-03-18 17:29:27,887 [INFO] PluginManage:310 - Check plugin clock
2026-03-18 17:29:27,897 [INFO] PluginManage:359 - Loaded plugin clock (category:base,tabindex:2)
2026-03-18 17:29:27,897 [INFO] PluginManage:310 - Check plugin ddr
2026-03-18 17:29:27,899 [INFO] PluginManage:359 - Loaded plugin ddr (category:tool,tabindex:6)
2026-03-18 17:29:27,900 [INFO] PluginManage:310 - Check plugin filemanager
2026-03-18 17:29:28,074 [INFO] PluginManage:359 - Loaded plugin filemanager (category:base,tabindex:10)
2026-03-18 17:29:28,074 [INFO] PluginManage:310 - Check plugin ipmanager
2026-03-18 17:29:28,082 [INFO] PluginManage:359 - Loaded plugin ipmanager (category:base,tabindex:5)
2026-03-18 17:29:28,082 [INFO] PluginManage:310 - Check plugin lpbam
2026-03-18 17:29:28,096 [INFO] PluginManage:359 - Loaded plugin lpbam (category:base,tabindex:0)
2026-03-18 17:29:28,096 [INFO] PluginManage:310 - Check plugin memorymap
2026-03-18 17:29:28,114 [INFO] PluginManage:359 - Loaded plugin memorymap (category:base,tabindex:4)
2026-03-18 17:29:28,114 [INFO] PluginManage:310 - Check plugin pinoutandconfiguration
2026-03-18 17:29:28,126 [INFO] PluginManage:359 - Loaded plugin pinoutandconfiguration (category:base,tabindex:1)
2026-03-18 17:29:28,126 [INFO] PluginManage:310 - Check plugin pinoutconfig
2026-03-18 17:29:28,254 [WARN] SupportedApi:132 - Cannot load RTOS API schema: s4s-elt-must-match.1: The content of 'definitions' must match (annotation?, (simpleType | complexType)?, (unique | key | keyref)*)). A problem was found starting at: attribute.
2026-03-18 17:29:28,475 [INFO] PluginManage:359 - Loaded plugin pinoutconfig (category:base,tabindex:0)
2026-03-18 17:29:28,476 [INFO] PluginManage:310 - Check plugin power
2026-03-18 17:29:28,488 [INFO] PluginManage:359 - Loaded plugin power (category:power,tabindex:4)
2026-03-18 17:29:28,489 [INFO] PluginManage:310 - Check plugin projectmanager
2026-03-18 17:29:28,520 [INFO] PluginManage:359 - Loaded plugin projectmanager (category:projectmanager,tabindex:4)
2026-03-18 17:29:28,520 [INFO] PluginManage:310 - Check plugin rif
2026-03-18 17:29:28,526 [INFO] PluginManage:359 - Loaded plugin rif (category:base,tabindex:3)
2026-03-18 17:29:28,526 [INFO] PluginManage:310 - Check plugin thirdparty
2026-03-18 17:29:28,725 [INFO] PluginManage:359 - Loaded plugin thirdparty (category:base,tabindex:-1)
2026-03-18 17:29:28,725 [INFO] PluginManage:310 - Check plugin tools
2026-03-18 17:29:28,725 [WARN] IntegrityCheckThread:84 - waiting for thirdparty lock release [integrity check]
2026-03-18 17:29:28,727 [INFO] IntegrityCheckThread:86 - entering critical section [integrity check]
2026-03-18 17:29:28,728 [INFO] ThirdPartyUpdaterWithRetryManager:70 - Updater plugin not ready yet. [1/15]
2026-03-18 17:29:28,728 [INFO] PluginManage:359 - Loaded plugin tools (category:base,tabindex:7)
2026-03-18 17:29:28,729 [INFO] PluginManage:310 - Check plugin tutovideos
2026-03-18 17:29:29,045 [INFO] PluginManage:359 - Loaded plugin tutovideos (category:base,tabindex:-1)
2026-03-18 17:29:29,045 [INFO] PluginManage:310 - Check plugin updater
2026-03-18 17:29:29,083 [INFO] PluginManage:359 - Loaded plugin updater (category:base,tabindex:12)
2026-03-18 17:29:29,084 [INFO] PluginManage:310 - Check plugin userauth
2026-03-18 17:29:29,091 [INFO] UserAuth:113 - Init User Auth plugin
2026-03-18 17:29:29,091 [INFO] PluginManage:359 - Loaded plugin userauth (category:base,tabindex:14)
2026-03-18 17:29:29,092 [INFO] PluginManage:283 - PluginManage : Loaded plugins [18]
2026-03-18 17:29:29,343 [INFO] PinOutPanel:1561 - setPackage(No Configuration,No Configuration)
2026-03-18 17:29:29,467 [INFO] CADModel:165 - CPN selected for project level
2026-03-18 17:29:29,467 [INFO] CADModel:114 - Register for checkConnection events
2026-03-18 17:29:29,482 [INFO] IPUIPlugin:80 - create IPUIPlugin
2026-03-18 17:29:29,483 [INFO] PluginManager:220 - loadIPPluginJar : add touchsensing
2026-03-18 17:29:29,485 [INFO] IPUIPlugin:80 - create IPUIPlugin
2026-03-18 17:29:29,485 [INFO] PluginManager:220 - loadIPPluginJar : add ts
2026-03-18 17:29:29,488 [INFO] IPUIPlugin:80 - create IPUIPlugin
2026-03-18 17:29:29,488 [INFO] PluginManager:220 - loadIPPluginJar : add dma3
2026-03-18 17:29:29,491 [INFO] IPUIPlugin:80 - create IPUIPlugin
2026-03-18 17:29:29,491 [INFO] PluginManager:220 - loadIPPluginJar : add dfsdm
2026-03-18 17:29:29,494 [INFO] IPUIPlugin:80 - create IPUIPlugin
2026-03-18 17:29:29,494 [INFO] PluginManager:220 - loadIPPluginJar : add gtzc
2026-03-18 17:29:29,496 [INFO] IPUIPlugin:80 - create IPUIPlugin
2026-03-18 17:29:29,496 [INFO] PluginManager:220 - loadIPPluginJar : add tracer_emb
2026-03-18 17:29:29,499 [INFO] IPUIPlugin:80 - create IPUIPlugin
2026-03-18 17:29:29,500 [INFO] PluginManager:220 - loadIPPluginJar : add i2c
2026-03-18 17:29:29,502 [INFO] IPUIPlugin:80 - create IPUIPlugin
2026-03-18 17:29:29,503 [INFO] PluginManager:220 - loadIPPluginJar : add i2s
2026-03-18 17:29:29,508 [INFO] IPUIPlugin:80 - create IPUIPlugin
2026-03-18 17:29:29,509 [INFO] PluginManager:220 - loadIPPluginJar : add freertos
2026-03-18 17:29:29,511 [INFO] IPUIPlugin:80 - create IPUIPlugin
2026-03-18 17:29:29,511 [INFO] PluginManager:220 - loadIPPluginJar : add tsc
2026-03-18 17:29:29,514 [INFO] IPUIPlugin:80 - create IPUIPlugin
2026-03-18 17:29:29,514 [INFO] PluginManager:220 - loadIPPluginJar : add extmemmanager
2026-03-18 17:29:29,518 [INFO] IPUIPlugin:80 - create IPUIPlugin
2026-03-18 17:29:29,518 [INFO] PluginManager:220 - loadIPPluginJar : add usbx
2026-03-18 17:29:29,525 [INFO] IPUIPlugin:80 - create IPUIPlugin
2026-03-18 17:29:29,525 [INFO] PluginManager:220 - loadIPPluginJar : add resmgrutility
2026-03-18 17:29:29,528 [INFO] IPUIPlugin:80 - create IPUIPlugin
2026-03-18 17:29:29,528 [INFO] PluginManager:220 - loadIPPluginJar : add usart
2026-03-18 17:29:29,531 [INFO] IPUIPlugin:80 - create IPUIPlugin
2026-03-18 17:29:29,532 [INFO] PluginManager:220 - loadIPPluginJar : add openamp
2026-03-18 17:29:29,535 [INFO] IPUIPlugin:80 - create IPUIPlugin
2026-03-18 17:29:29,536 [INFO] PluginManager:220 - loadIPPluginJar : add can
2026-03-18 17:29:29,538 [INFO] IPUIPlugin:80 - create IPUIPlugin
2026-03-18 17:29:29,538 [INFO] PluginManager:220 - loadIPPluginJar : add spi
2026-03-18 17:29:29,539 [INFO] IPUIPlugin:80 - create IPUIPlugin
2026-03-18 17:29:29,540 [INFO] PluginManager:220 - loadIPPluginJar : add radio
2026-03-18 17:29:29,545 [INFO] IPUIPlugin:80 - create IPUIPlugin
2026-03-18 17:29:29,546 [INFO] PluginManager:220 - loadIPPluginJar : add dma
2026-03-18 17:29:29,547 [INFO] IPUIPlugin:80 - create IPUIPlugin
2026-03-18 17:29:29,547 [INFO] PluginManager:220 - loadIPPluginJar : add ltdc
2026-03-18 17:29:29,549 [INFO] IPUIPlugin:80 - create IPUIPlugin
2026-03-18 17:29:29,549 [INFO] PluginManager:220 - loadIPPluginJar : add hash
2026-03-18 17:29:29,555 [INFO] IPUIPlugin:80 - create IPUIPlugin
2026-03-18 17:29:29,555 [INFO] PluginManager:220 - loadIPPluginJar : add gic
2026-03-18 17:29:29,557 [INFO] IPUIPlugin:80 - create IPUIPlugin
2026-03-18 17:29:29,557 [INFO] PluginManager:220 - loadIPPluginJar : add fatfs
2026-03-18 17:29:29,560 [INFO] IPUIPlugin:80 - create IPUIPlugin
2026-03-18 17:29:29,560 [INFO] PluginManager:220 - loadIPPluginJar : add sai
2026-03-18 17:29:29,562 [INFO] IPUIPlugin:80 - create IPUIPlugin
2026-03-18 17:29:29,562 [INFO] PluginManager:220 - loadIPPluginJar : add gfxmmu
2026-03-18 17:29:29,565 [INFO] IPUIPlugin:80 - create IPUIPlugin
2026-03-18 17:29:29,566 [INFO] PluginManager:220 - loadIPPluginJar : add ddr_ctrl_phy
2026-03-18 17:29:29,569 [INFO] IPUIPlugin:80 - create IPUIPlugin
2026-03-18 17:29:29,569 [INFO] PluginManager:220 - loadIPPluginJar : add pdm2pcm
2026-03-18 17:29:29,572 [INFO] IPUIPlugin:80 - create IPUIPlugin
2026-03-18 17:29:29,572 [INFO] PluginManager:220 - loadIPPluginJar : add aes
2026-03-18 17:29:29,574 [INFO] IPUIPlugin:80 - create IPUIPlugin
2026-03-18 17:29:29,574 [INFO] PluginManager:220 - loadIPPluginJar : add quadspi
2026-03-18 17:29:29,578 [INFO] IPUIPlugin:80 - create IPUIPlugin
2026-03-18 17:29:29,579 [INFO] PluginManager:220 - loadIPPluginJar : add nvic
2026-03-18 17:29:29,585 [INFO] IPUIPlugin:80 - create IPUIPlugin
2026-03-18 17:29:29,585 [INFO] PluginManager:220 - loadIPPluginJar : add stm32_wpan
2026-03-18 17:29:29,589 [INFO] IPUIPlugin:80 - create IPUIPlugin
2026-03-18 17:29:29,589 [INFO] PluginManager:220 - loadIPPluginJar : add ipddr
2026-03-18 17:29:29,597 [INFO] IPUIPlugin:80 - create IPUIPlugin
2026-03-18 17:29:29,597 [INFO] PluginManager:220 - loadIPPluginJar : add adc
2026-03-18 17:29:29,600 [INFO] IPUIPlugin:80 - create IPUIPlugin
2026-03-18 17:29:29,600 [INFO] PluginManager:220 - loadIPPluginJar : add cryp
2026-03-18 17:29:29,608 [INFO] IPUIPlugin:80 - create IPUIPlugin
2026-03-18 17:29:29,608 [INFO] PluginManager:220 - loadIPPluginJar : add linkedlist
2026-03-18 17:29:29,614 [INFO] IPUIPlugin:80 - create IPUIPlugin
2026-03-18 17:29:29,619 [INFO] PluginManager:220 - loadIPPluginJar : add plateformsettings
2026-03-18 17:29:29,628 [INFO] IPUIPlugin:80 - create IPUIPlugin
2026-03-18 17:29:29,628 [INFO] PluginManager:220 - loadIPPluginJar : add mdma
2026-03-18 17:29:29,630 [INFO] IPUIPlugin:80 - create IPUIPlugin
2026-03-18 17:29:29,631 [INFO] PluginManager:220 - loadIPPluginJar : add genericplugin
2026-03-18 17:29:29,633 [INFO] IPUIPlugin:80 - create IPUIPlugin
2026-03-18 17:29:29,633 [INFO] PluginManager:220 - loadIPPluginJar : add tim
2026-03-18 17:29:29,636 [INFO] IPUIPlugin:80 - create IPUIPlugin
2026-03-18 17:29:29,636 [INFO] PluginManager:220 - loadIPPluginJar : add ucpd
2026-03-18 17:29:29,639 [INFO] IPUIPlugin:80 - create IPUIPlugin
2026-03-18 17:29:29,639 [INFO] PluginManager:220 - loadIPPluginJar : add lorawan
2026-03-18 17:29:29,643 [INFO] IPUIPlugin:80 - create IPUIPlugin
2026-03-18 17:29:29,643 [INFO] PluginManager:220 - loadIPPluginJar : add gpio
2026-03-18 17:29:29,646 [INFO] IPUIPlugin:80 - create IPUIPlugin
2026-03-18 17:29:29,646 [INFO] PluginManager:220 - loadIPPluginJar : add i3c
2026-03-18 17:29:29,651 [INFO] IPUIPlugin:80 - create IPUIPlugin
2026-03-18 17:29:29,651 [INFO] PluginManager:220 - loadIPPluginJar : add opamp
2026-03-18 17:29:29,656 [INFO] IPUIPlugin:80 - create IPUIPlugin
2026-03-18 17:29:29,656 [INFO] PluginManager:220 - loadIPPluginJar : add fmc
2026-03-18 17:29:29,658 [INFO] IPUIPlugin:80 - create IPUIPlugin
2026-03-18 17:29:29,659 [INFO] PluginManager:220 - loadIPPluginJar : add comp
2026-03-18 17:29:29,785 [INFO] CADModel:165 - CPN selected for project level
2026-03-18 17:29:29,786 [INFO] CADModel:114 - Register for checkConnection events
2026-03-18 17:29:29,786 [FATAL] Updater:334 - Updater called before beeing initialized
2026-03-18 17:29:29,787 [ERROR] CADModel:125 - Updater not yet initialized, retry later 
2026-03-18 17:29:29,967 [INFO] CADModel:165 - CPN selected for project level
2026-03-18 17:29:29,968 [INFO] CADModel:114 - Register for checkConnection events
2026-03-18 17:29:29,968 [FATAL] Updater:334 - Updater called before beeing initialized
2026-03-18 17:29:29,968 [ERROR] CADModel:125 - Updater not yet initialized, retry later 
2026-03-18 17:29:29,973 [FATAL] Updater:334 - Updater called before beeing initialized
2026-03-18 17:29:30,104 [FATAL] Updater:334 - Updater called before beeing initialized
2026-03-18 17:29:30,111 [INFO] DbMcusAds:53 - JSON generation date=Thu Mar 05 15:32:52 CET 2026 (1772721172610)
2026-03-18 17:29:30,111 [FATAL] Updater:334 - Updater called before beeing initialized
2026-03-18 17:29:30,169 [WARN] DetailPanel:346 - Failed to get advertising image, set to default
2026-03-18 17:29:30,273 [FATAL] Updater:334 - Updater called before beeing initialized
2026-03-18 17:29:30,275 [FATAL] Updater:334 - Updater called before beeing initialized
2026-03-18 17:29:30,275 [FATAL] Updater:334 - Updater called before beeing initialized
2026-03-18 17:29:30,275 [WARN] DetailPanel:346 - Failed to get advertising image, set to default
2026-03-18 17:29:30,276 [FATAL] Updater:334 - Updater called before beeing initialized
2026-03-18 17:29:30,334 [ERROR] Updater:1164 - MainUpdater not yet initialized. External WinMGr cannot be set.
2026-03-18 17:29:30,336 [INFO] Updater:1100 - Updater Version found : 6.12.1
2026-03-18 17:29:30,360 [INFO] ApplicationProperties:184 - Using Application install path: /home/Andrea/st/stm32cubeide_1.16.1_2/plugins/com.st.stm32cube.common.mx_6.12.1.202409122256
2026-03-18 17:29:30,792 [INFO] MainUpdater:2873 - connection check result : 10
2026-03-18 17:29:30,793 [INFO] MainUpdater:290 - Updater Check For Update Now.
2026-03-18 17:29:30,793 [INFO] MicroXplorer:498 - Change Database Version : DB.6.0.121
2026-03-18 17:29:30,799 [INFO] McuFinderGlobals:63 - Set McuFinder mode to 2 (CubeIDE integrated)
2026-03-18 17:29:30,800 [INFO] UserAuth:417 - Internet connection configuration mode: 1
2026-03-18 17:29:30,818 [INFO] JxBrowserEngine:152 - Initiate JxBrowser Engine with user profile folder
2026-03-18 17:29:31,165 [INFO] CheckServerUpdateThread:120 - End of CheckServer Thread
2026-03-18 17:29:31,771 [INFO] WebApp:167 - Instantiating new browser for Auth
2026-03-18 17:29:32,192 [WARN] PackLoader:240 - Cannot read IP mode file for STMicroelectronics.X-CUBE-AZRTOS-H7.3.5.0
2026-03-18 17:29:32,244 [WARN] PackLoader:240 - Cannot read IP mode file for STMicroelectronics.FP-ATR-ASTRA1.2.0.2
2026-03-18 17:29:32,254 [WARN] PackLoader:240 - Cannot read IP mode file for STMicroelectronics.X-CUBE-SMBUS.2.1.0
2026-03-18 17:29:32,305 [WARN] PackLoader:240 - Cannot read IP mode file for STMicroelectronics.X-CUBE-AZRTOS-F7.1.1.0
2026-03-18 17:29:32,323 [ERROR] Engine:466 - /root/.stm32cubemx/thirdparties/pdsc/STMicroelectronics.FP-SNS-MOTENV1.5.1.0.pdsc: PDSC version is not supported
2026-03-18 17:29:32,329 [ERROR] Engine:466 - /root/.stm32cubemx/thirdparties/pdsc/WES.I-CUBE-Cesium.1.4.0.pdsc: PDSC version is not supported
2026-03-18 17:29:32,353 [WARN] PackLoader:240 - Cannot read IP mode file for STMicroelectronics.X-CUBE-DISPLAY.3.0.0
2026-03-18 17:29:32,377 [ERROR] Engine:466 - /root/.stm32cubemx/thirdparties/pdsc/STMicroelectronics.FP-SNS-MOTENVWB1.1.5.0.pdsc: PDSC version is not supported
2026-03-18 17:29:32,392 [WARN] PackLoader:240 - Cannot read IP mode file for STMicroelectronics.X-CUBE-NFC10.1.0.0
2026-03-18 17:29:32,406 [ERROR] Engine:466 - /root/.stm32cubemx/thirdparties/pdsc/STMicroelectronics.X-CUBE-ST60.1.1.0.pdsc: PDSC version is not supported
2026-03-18 17:29:32,412 [WARN] PackLoader:240 - Cannot read IP mode file for emotas.I-CUBE-CANOPEN.1.3.0
2026-03-18 17:29:32,427 [WARN] PackLoader:240 - Cannot read IP mode file for STMicroelectronics.X-CUBE-GNSS1.7.1.0
2026-03-18 17:29:32,441 [ERROR] Engine:466 - /root/.stm32cubemx/thirdparties/pdsc/STMicroelectronics.FP-SNS-STBOX1.2.1.0.pdsc: PDSC version is not supported
2026-03-18 17:29:32,447 [WARN] PackLoader:240 - Cannot read IP mode file for STMicroelectronics.FP-SNS-SMARTAG2.1.2.0
2026-03-18 17:29:32,454 [ERROR] Engine:466 - /root/.stm32cubemx/thirdparties/pdsc/STMicroelectronics.FP-SNS-FLIGHT1.5.1.0.pdsc: PDSC version is not supported
2026-03-18 17:29:32,472 [INFO] LogOutputStream:77 - [STDOUT_REDIRECT] 1 : Invalid condition id : UX_CORESTACK_Condition cause : null
2026-03-18 17:29:32,473 [INFO] LogOutputStream:77 - [STDOUT_REDIRECT] 1 : Invalid condition id : UX_CORESTACK_Condition cause : null
2026-03-18 17:29:32,473 [INFO] LogOutputStream:77 - [STDOUT_REDIRECT] 1 : Invalid condition id : UX_CORESTACK_Condition cause : null
2026-03-18 17:29:32,473 [INFO] LogOutputStream:77 - [STDOUT_REDIRECT] 1 : Invalid condition id : UX_CORESTACK_Condition cause : null
2026-03-18 17:29:32,474 [INFO] LogOutputStream:77 - [STDOUT_REDIRECT] 1 : Invalid condition id : UX_CORESTACK_Condition cause : null
2026-03-18 17:29:32,485 [WARN] PackLoader:240 - Cannot read IP mode file for STMicroelectronics.X-CUBE-AZRTOS-WL.2.0.0
2026-03-18 17:29:32,604 [WARN] PackLoader:240 - Cannot read IP mode file for STMicroelectronics.X-CUBE-AZRTOS-H7RS.1.2.0
2026-03-18 17:29:32,648 [WARN] PackLoader:240 - Cannot read IP mode file for STMicroelectronics.X-CUBE-BLE2.3.3.0
2026-03-18 17:29:32,656 [ERROR] Engine:466 - /root/.stm32cubemx/thirdparties/pdsc/Avnet-IOTCONNECT.X-CUBE-iotc-st67-sdk.1.0.0.pdsc: PDSC version is not supported
2026-03-18 17:29:32,759 [WARN] PackLoader:240 - Cannot read IP mode file for Infineon.AIROC-Wi-Fi-Bluetooth-STM32.1.8.0
2026-03-18 17:29:32,788 [WARN] PackLoader:240 - Cannot read IP mode file for STMicroelectronics.X-CUBE-NFC9.1.0.0
2026-03-18 17:29:32,801 [WARN] PackLoader:240 - Cannot read IP mode file for STMicroelectronics.X-CUBE-BLE1.7.1.0
2026-03-18 17:29:32,805 [WARN] PackLoader:240 - Cannot read IP mode file for wolfSSL.I-CUBE-wolfMQTT.1.19.2
2026-03-18 17:29:32,820 [WARN] PackLoader:240 - Cannot read IP mode file for STMicroelectronics.X-CUBE-EEPRMA1.5.2.0
2026-03-18 17:29:32,834 [WARN] PackLoader:240 - Cannot read IP mode file for wolfSSL.I-CUBE-wolfSSL.5.8.4
2026-03-18 17:29:32,837 [ERROR] Engine:466 - /root/.stm32cubemx/thirdparties/pdsc/Cesanta.I-CUBE-Mongoose.7.20.0.pdsc: PDSC version is not supported
2026-03-18 17:29:32,987 [WARN] PackLoader:240 - Cannot read IP mode file for STMicroelectronics.X-CUBE-MEMS1.12.0.0
2026-03-18 17:29:33,307 [WARN] PackLoader:240 - Cannot read IP mode file for STMicroelectronics.X-CUBE-AZRTOS-G0.1.1.0
2026-03-18 17:29:33,334 [WARN] PackLoader:240 - Cannot read IP mode file for STMicroelectronics.X-CUBE-NFC4.3.0.0
2026-03-18 17:29:33,381 [WARN] PackLoader:240 - Cannot read IP mode file for EmbeddedOffice.I-CUBE-FS-RTOS.1.0.1
2026-03-18 17:29:33,383 [ERROR] ConditionMgr:805 - Attr not supported : Dmpu
2026-03-18 17:29:33,383 [ERROR] ConditionMgr:805 - Attr not supported : Dmpu
2026-03-18 17:29:33,383 [ERROR] ConditionMgr:805 - Attr not supported : Dmpu
2026-03-18 17:29:33,383 [ERROR] ConditionMgr:805 - Attr not supported : Dmpu
2026-03-18 17:29:33,384 [ERROR] ConditionMgr:805 - Attr not supported : Dmpu
2026-03-18 17:29:33,384 [ERROR] ConditionMgr:805 - Attr not supported : Dmpu
2026-03-18 17:29:33,384 [ERROR] ConditionMgr:805 - Attr not supported : Dmpu
2026-03-18 17:29:33,384 [ERROR] ConditionMgr:805 - Attr not supported : Dmpu
2026-03-18 17:29:33,384 [ERROR] ConditionMgr:805 - Attr not supported : Dmpu
2026-03-18 17:29:33,384 [ERROR] ConditionMgr:805 - Attr not supported : Dmpu
2026-03-18 17:29:33,384 [ERROR] ConditionMgr:805 - Attr not supported : Dmpu
2026-03-18 17:29:33,385 [ERROR] ConditionMgr:805 - Attr not supported : Dmpu
2026-03-18 17:29:33,385 [ERROR] ConditionMgr:805 - Attr not supported : Dmpu
2026-03-18 17:29:33,397 [ERROR] ConditionMgr:805 - Attr not supported : Dmpu
2026-03-18 17:29:33,398 [ERROR] ConditionMgr:805 - Attr not supported : Dmpu
2026-03-18 17:29:33,398 [ERROR] ConditionMgr:805 - Attr not supported : Dmpu
2026-03-18 17:29:33,399 [ERROR] ConditionMgr:805 - Attr not supported : Dmpu
2026-03-18 17:29:33,400 [ERROR] ConditionMgr:805 - Attr not supported : Dmpu
2026-03-18 17:29:33,401 [ERROR] ConditionMgr:805 - Attr not supported : Dmpu
2026-03-18 17:29:33,401 [ERROR] ConditionMgr:805 - Attr not supported : Dmpu
2026-03-18 17:29:33,404 [ERROR] ConditionMgr:805 - Attr not supported : Dmpu
2026-03-18 17:29:33,404 [ERROR] ConditionMgr:805 - Attr not supported : Dmpu
2026-03-18 17:29:33,405 [ERROR] ConditionMgr:805 - Attr not supported : Dmpu
2026-03-18 17:29:33,405 [ERROR] ConditionMgr:805 - Attr not supported : Dmpu
2026-03-18 17:29:33,405 [ERROR] ConditionMgr:805 - Attr not supported : Dmpu
2026-03-18 17:29:33,405 [ERROR] ConditionMgr:805 - Attr not supported : Dmpu
2026-03-18 17:29:33,405 [ERROR] ConditionMgr:805 - Attr not supported : Dmpu
2026-03-18 17:29:33,406 [ERROR] ConditionMgr:805 - Attr not supported : Dmpu
2026-03-18 17:29:33,406 [ERROR] ConditionMgr:805 - Attr not supported : Dmpu
2026-03-18 17:29:33,406 [ERROR] ConditionMgr:805 - Attr not supported : Dmpu
2026-03-18 17:29:33,406 [ERROR] ConditionMgr:805 - Attr not supported : Dmpu
2026-03-18 17:29:33,406 [ERROR] ConditionMgr:805 - Attr not supported : Dmpu
2026-03-18 17:29:33,406 [ERROR] ConditionMgr:805 - Attr not supported : Dmpu
2026-03-18 17:29:33,406 [ERROR] ConditionMgr:805 - Attr not supported : Dmpu
2026-03-18 17:29:33,407 [ERROR] ConditionMgr:805 - Attr not supported : Dmpu
2026-03-18 17:29:33,408 [ERROR] ConditionMgr:805 - Attr not supported : Dmpu
2026-03-18 17:29:33,408 [ERROR] ConditionMgr:805 - Attr not supported : Dmpu
2026-03-18 17:29:33,408 [ERROR] ConditionMgr:805 - Attr not supported : Dmpu
2026-03-18 17:29:33,409 [ERROR] ConditionMgr:805 - Attr not supported : Dmpu
2026-03-18 17:29:33,410 [ERROR] ConditionMgr:805 - Attr not supported : Dmpu
2026-03-18 17:29:33,410 [ERROR] ConditionMgr:805 - Attr not supported : Dmpu
2026-03-18 17:29:33,410 [ERROR] ConditionMgr:805 - Attr not supported : Dmpu
2026-03-18 17:29:33,416 [ERROR] ConditionMgr:805 - Attr not supported : Dmpu
2026-03-18 17:29:33,416 [ERROR] ConditionMgr:805 - Attr not supported : Dmpu
2026-03-18 17:29:33,416 [ERROR] ConditionMgr:805 - Attr not supported : Dmpu
2026-03-18 17:29:33,416 [ERROR] ConditionMgr:805 - Attr not supported : Dmpu
2026-03-18 17:29:33,417 [ERROR] ConditionMgr:805 - Attr not supported : Dmpu
2026-03-18 17:29:33,417 [ERROR] ConditionMgr:805 - Attr not supported : Dmpu
2026-03-18 17:29:33,417 [ERROR] ConditionMgr:805 - Attr not supported : Dmpu
2026-03-18 17:29:33,417 [ERROR] ConditionMgr:805 - Attr not supported : Dmpu
2026-03-18 17:29:33,417 [ERROR] ConditionMgr:805 - Attr not supported : Dmpu
2026-03-18 17:29:33,418 [ERROR] ConditionMgr:805 - Attr not supported : Dmpu
2026-03-18 17:29:33,418 [ERROR] ConditionMgr:805 - Attr not supported : Dmpu
2026-03-18 17:29:33,418 [ERROR] ConditionMgr:805 - Attr not supported : Dmpu
2026-03-18 17:29:33,418 [ERROR] ConditionMgr:805 - Attr not supported : Dmpu
2026-03-18 17:29:33,418 [ERROR] ConditionMgr:805 - Attr not supported : Dmpu
2026-03-18 17:29:33,418 [ERROR] ConditionMgr:805 - Attr not supported : Dmpu
2026-03-18 17:29:33,419 [ERROR] ConditionMgr:805 - Attr not supported : Dmpu
2026-03-18 17:29:33,419 [ERROR] ConditionMgr:805 - Attr not supported : Dmpu
2026-03-18 17:29:33,419 [ERROR] ConditionMgr:805 - Attr not supported : Dmpu
2026-03-18 17:29:33,419 [ERROR] ConditionMgr:805 - Attr not supported : Dmpu
2026-03-18 17:29:33,420 [ERROR] ConditionMgr:805 - Attr not supported : Dmpu
2026-03-18 17:29:33,420 [ERROR] ConditionMgr:805 - Attr not supported : Dmpu
2026-03-18 17:29:33,421 [ERROR] ConditionMgr:805 - Attr not supported : Dmpu
2026-03-18 17:29:33,431 [WARN] PackLoader:240 - Cannot read IP mode file for STMicroelectronics.X-CUBE-WB05N.2.0.0
2026-03-18 17:29:33,438 [WARN] PackLoader:240 - Cannot read IP mode file for wolfSSL.I-CUBE-wolfTPM.3.8.0
2026-03-18 17:29:33,448 [ERROR] Engine:466 - /root/.stm32cubemx/thirdparties/pdsc/STMicroelectronics.X-CUBE-TCPP.4.2.0.pdsc: PDSC version is not supported
2026-03-18 17:29:33,454 [WARN] PackLoader:240 - Cannot read IP mode file for RealThread.X-CUBE-RT-Thread_Nano.4.1.1
2026-03-18 17:29:33,464 [WARN] PackLoader:240 - Cannot read IP mode file for STMicroelectronics.FP-ATR-SIGFOX1.3.2.0
2026-03-18 17:29:33,474 [ERROR] Engine:466 - /root/.stm32cubemx/thirdparties/pdsc/STMicroelectronics.X-CUBE-FREERTOS.1.5.0.pdsc: PDSC version is not supported
2026-03-18 17:29:33,500 [WARN] PackLoader:240 - Cannot read IP mode file for ITTIA_DB.I-CUBE-ITTIADB.8.9.0
2026-03-18 17:29:33,526 [WARN] PackLoader:240 - Cannot read IP mode file for STMicroelectronics.X-CUBE-NFC6.3.2.0
2026-03-18 17:29:33,542 [WARN] PackLoader:240 - Cannot read IP mode file for STMicroelectronics.X-CUBE-AI.10.2.0
2026-03-18 17:29:33,653 [WARN] PackLoader:240 - Cannot read IP mode file for SEGGER.I-CUBE-embOS.1.3.1
2026-03-18 17:29:33,817 [WARN] PackLoader:240 - Cannot read IP mode file for STMicroelectronics.X-CUBE-ALGOBUILD.1.4.0
2026-03-18 17:29:33,829 [WARN] PackLoader:240 - Cannot read IP mode file for STMicroelectronics.X-CUBE-PM33A1.1.0.0
2026-03-18 17:29:33,918 [WARN] PackLoader:240 - Cannot read IP mode file for STMicroelectronics.X-CUBE-AZRTOS-F4.1.1.0
2026-03-18 17:29:33,930 [WARN] PackLoader:240 - Cannot read IP mode file for STMicroelectronics.X-CUBE-ISPU.2.1.0
2026-03-18 17:29:33,940 [ERROR] Engine:466 - /root/.stm32cubemx/thirdparties/pdsc/STMicroelectronics.X-CUBE-IPS.3.2.0.pdsc: PDSC version is not supported
2026-03-18 17:29:33,952 [WARN] PackLoader:240 - Cannot read IP mode file for STMicroelectronics.X-CUBE-NFC12.1.0.0
2026-03-18 17:29:34,012 [WARN] PackLoader:240 - Cannot read IP mode file for STMicroelectronics.X-CUBE-AZRTOS-L5.2.0.0
2026-03-18 17:29:34,054 [WARN] PackLoader:240 - Cannot read IP mode file for STMicroelectronics.X-CUBE-TOUCHGFX.4.26.1
2026-03-18 17:29:34,064 [ERROR] Engine:466 - /root/.stm32cubemx/thirdparties/pdsc/STMicroelectronics.FP-SNS-STAIOTCFT.1.0.0.pdsc: PDSC version is not supported
2026-03-18 17:29:34,076 [WARN] PackLoader:240 - Cannot read IP mode file for STMicroelectronics.X-CUBE-DPower.1.3.0
2026-03-18 17:29:34,133 [INFO] WebApp:448 - Apply proxy settings
2026-03-18 17:29:34,133 [INFO] WebApp:533 - Chromium requires no authentication
2026-03-18 17:29:34,136 [WARN] ConditionMgr:438 - getConditionDescription Invalid condition id : LAN8742 Phy interface Condition cause : null
2026-03-18 17:29:34,137 [WARN] PackLoader:240 - Cannot read IP mode file for STMicroelectronics.X-CUBE-AZRTOS-L4.2.0.0
2026-03-18 17:29:34,141 [WARN] ConditionMgr:1039 - genDependencies : Invalid condition id : LAN8742 Phy interface Condition cause : null
2026-03-18 17:29:34,142 [WARN] ConditionMgr:1039 - genDependencies : Invalid condition id : LAN8742 Phy interface Condition cause : null
2026-03-18 17:29:34,146 [WARN] ConditionMgr:1039 - genDependencies : Invalid condition id : LAN8742 Phy interface Condition cause : null
2026-03-18 17:29:34,155 [INFO] WebApp:476 - Direct internet connection detected
2026-03-18 17:29:34,162 [WARN] PackLoader:240 - Cannot read IP mode file for STMicroelectronics.X-CUBE-SFXS2LP1.4.0.0
2026-03-18 17:29:34,171 [ERROR] Engine:466 - /root/.stm32cubemx/thirdparties/pdsc/STMicroelectronics.X-CUBE-ST67W61.1.2.0.pdsc: PDSC version is not supported
2026-03-18 17:29:34,180 [ERROR] Engine:466 - /root/.stm32cubemx/thirdparties/pdsc/STMicroelectronics.X-CUBE-BLEMGR.4.1.0.pdsc: PDSC version is not supported
2026-03-18 17:29:34,208 [WARN] ConditionMgr:438 - getConditionDescription Invalid condition id : UX DEVICE CLASS RTOS Condition cause : null
2026-03-18 17:29:34,208 [WARN] ConditionMgr:438 - getConditionDescription Invalid condition id : UX DEVICE CLASS RTOS Condition cause : null
2026-03-18 17:29:34,211 [INFO] WebApp:869 - Register for checkConnection events
2026-03-18 17:29:34,211 [INFO] WebApp:448 - Apply proxy settings
2026-03-18 17:29:34,211 [INFO] WebApp:533 - Chromium requires no authentication
2026-03-18 17:29:34,212 [INFO] WebApp:476 - Direct internet connection detected
2026-03-18 17:29:34,215 [WARN] PackLoader:240 - Cannot read IP mode file for STMicroelectronics.X-CUBE-AZRTOS-WB.2.0.0
2026-03-18 17:29:34,216 [WARN] ConditionMgr:1039 - genDependencies : Invalid condition id : UX DEVICE CLASS RTOS Condition cause : null
2026-03-18 17:29:34,217 [WARN] ConditionMgr:1039 - genDependencies : Invalid condition id : UX DEVICE CLASS RTOS Condition cause : null
2026-03-18 17:29:34,218 [WARN] ConditionMgr:1039 - genDependencies : Invalid condition id : UX DEVICE CLASS RTOS Condition cause : null
2026-03-18 17:29:34,219 [WARN] ConditionMgr:1039 - genDependencies : Invalid condition id : UX DEVICE CLASS RTOS Condition cause : null
2026-03-18 17:29:34,219 [WARN] ConditionMgr:1039 - genDependencies : Invalid condition id : UX DEVICE CLASS RTOS Condition cause : null
2026-03-18 17:29:34,227 [WARN] ConditionMgr:438 - getConditionDescription Invalid condition id : Cortex-A Device cause : null
2026-03-18 17:29:34,266 [WARN] ConditionMgr:1039 - genDependencies : Invalid condition id : Cortex-A Device cause : null
2026-03-18 17:29:34,267 [WARN] ConditionMgr:1039 - genDependencies : Invalid condition id : Cortex-A Device cause : null
2026-03-18 17:29:34,267 [WARN] ConditionMgr:1039 - genDependencies : Invalid condition id : Cortex-A Device cause : null
2026-03-18 17:29:34,291 [WARN] PackLoader:240 - Cannot read IP mode file for STMicroelectronics.X-CUBE-STSE01.2.0.0
2026-03-18 17:29:34,330 [WARN] PackLoader:240 - Cannot read IP mode file for STMicroelectronics.X-CUBE-SUBG2.5.0.0
2026-03-18 17:29:34,368 [WARN] PackLoader:240 - Cannot read IP mode file for STMicroelectronics.X-CUBE-AZRTOS-G4.2.0.0
2026-03-18 17:29:34,375 [WARN] PackLoader:240 - Cannot read IP mode file for wolfSSL.I-CUBE-wolfSSH.1.4.20
2026-03-18 17:29:34,380 [WARN] PackLoader:240 - Cannot read IP mode file for STMicroelectronics.X-CUBE-NFC7.2.0.0
2026-03-18 17:29:34,386 [WARN] PackLoader:240 - Cannot read IP mode file for STMicroelectronics.X-CUBE-ALS.1.0.2
2026-03-18 17:29:34,394 [ERROR] Engine:466 - /root/.stm32cubemx/thirdparties/pdsc/STMicroelectronics.X-CUBE-TOF1.3.4.3.pdsc: PDSC version is not supported
2026-03-18 17:29:34,395 [INFO] ThirdParty:978 - Integrity check success = true
2026-03-18 17:29:34,395 [INFO] IntegrityCheckThread:100 - exiting critical section [integrity check]
2026-03-18 17:29:34,395 [INFO] IntegrityCheckThread:103 - End integrity checks thread
2026-03-18 17:29:34,532 [INFO] WebApp:220 - Starting web application
2026-03-18 17:29:34,532 [INFO] WebApp:578 - Web application path used /home/Andrea/st/stm32cubeide_1.16.1_2/plugins/com.st.stm32cube.common.mx_6.12.1.202409122256/db/plugins/mcufinder/reactClient1/index.html
2026-03-18 17:29:34,810 [INFO] UserAuth:417 - Internet connection configuration mode: 1
2026-03-18 17:29:34,851 [ERROR] LogOutputStream:75 - [STDERR_REDIRECT] java.lang.UnsatisfiedLinkError: /home/Andrea/st/stm32cubeide_1.16.1_2/configuration/org.eclipse.osgi/203/0/.cp/os/linux/x86_64/libserial.so: /home/Andrea/st/stm32cubeide_1.16.1_2/configuration/org.eclipse.osgi/203/0/.cp/os/linux/x86_64/libserial.so: file troppo corto
2026-03-18 17:29:34,854 [ERROR] LogOutputStream:75 - [STDERR_REDIRECT] 	at java.base/jdk.internal.loader.NativeLibraries.load(Native Method)
2026-03-18 17:29:34,855 [ERROR] LogOutputStream:75 - [STDERR_REDIRECT] 	at java.base/jdk.internal.loader.NativeLibraries$NativeLibraryImpl.open(NativeLibraries.java:388)
2026-03-18 17:29:34,857 [ERROR] LogOutputStream:75 - [STDERR_REDIRECT] 	at java.base/jdk.internal.loader.NativeLibraries.loadLibrary(NativeLibraries.java:232)
2026-03-18 17:29:34,861 [ERROR] LogOutputStream:75 - [STDERR_REDIRECT] 	at java.base/jdk.internal.loader.NativeLibraries.loadLibrary(NativeLibraries.java:174)
2026-03-18 17:29:34,863 [ERROR] LogOutputStream:75 - [STDERR_REDIRECT] 	at java.base/java.lang.ClassLoader.loadLibrary(ClassLoader.java:2420)
2026-03-18 17:29:34,864 [ERROR] LogOutputStream:75 - [STDERR_REDIRECT] 	at java.base/java.lang.Runtime.loadLibrary0(Runtime.java:818)
2026-03-18 17:29:34,869 [ERROR] LogOutputStream:75 - [STDERR_REDIRECT] 	at java.base/java.lang.System.loadLibrary(System.java:1993)
2026-03-18 17:29:34,870 [ERROR] LogOutputStream:75 - [STDERR_REDIRECT] 	at org.eclipse.cdt.serial.SerialPort.<clinit>(SerialPort.java:52)
2026-03-18 17:29:34,870 [ERROR] LogOutputStream:75 - [STDERR_REDIRECT] 	at com.st.stm32cube.ide.mpu.remote.serial.internal.SerialPortProviderLinux.run(SerialPortProviderLinux.java:148)
2026-03-18 17:29:34,871 [ERROR] LogOutputStream:75 - [STDERR_REDIRECT] 	at java.base/java.util.TimerThread.mainLoop(Timer.java:566)
2026-03-18 17:29:34,873 [ERROR] LogOutputStream:75 - [STDERR_REDIRECT] 	at java.base/java.util.TimerThread.run(Timer.java:516)
2026-03-18 17:29:35,101 [INFO] WebApp:186 - Connection restablished
2026-03-18 17:54:34,619 [ERROR] LogOutputStream:75 - [STDERR_REDIRECT] 
2026-03-18 17:54:50,699 [INFO] Activator:176 - 


2026-03-18 17:54:50,702 [INFO] Activator:177 - !SESSION log4j initialized
2026-03-18 17:54:56,520 [INFO] LogOutputStream:77 - [STDOUT_REDIRECT] 
2026-03-18 17:54:57,874 [INFO] ApplicationProperties:184 - Using Application install path: /home/Andrea/st/stm32cubeide_1.16.1_2/plugins/com.st.stm32cube.common.mx_6.12.1.202409122256
2026-03-18 17:54:57,894 [INFO] DbMcusXml:78 - Set database path to: /home/Andrea/st/stm32cubeide_1.16.1_2/plugins/com.st.stm32cube.common.mx_6.12.1.202409122256//db//mcu/
2026-03-18 17:54:57,895 [INFO] ApiDb:274 - Set plugin database path to: /home/Andrea/st/stm32cubeide_1.16.1_2/plugins/com.st.stm32cube.common.mx_6.12.1.202409122256//db//plugins/boardmanager/
2026-03-18 17:54:57,895 [WARN] ApiDb:259 - Overriding images path with different value:  => /home/Andrea/st/stm32cubeide_1.16.1_2/plugins/com.st.stm32cube.common.mx_6.12.1.202409122256//db//plugins/mcufinder/images/
2026-03-18 17:54:57,901 [INFO] ApiDb:250 - Set database path to: /root/.stmcufinder/plugins/mcufinder//mcu/
2026-03-18 17:54:57,903 [INFO] DbMcusAds:125 - Set database path to: /root/.stmcufinder/plugins/mcufinder//mcu/
2026-03-18 17:54:57,905 [INFO] CrossReferenceDbSqlite:203 - Set database path to: /root/.stmcufinder/plugins/mcufinder//mcu/cs/
2026-03-18 17:54:58,106 [INFO] RulesReader:64 - Compatibility file has been processed (297 Rules)
2026-03-18 17:54:58,195 [INFO] DbMcusXml:78 - Set database path to: /home/Andrea/st/stm32cubeide_1.16.1_2/plugins/com.st.stm32cube.common.mx_6.12.1.202409122256//db//mcu/
2026-03-18 17:54:58,195 [INFO] ApiDb:274 - Set plugin database path to: /home/Andrea/st/stm32cubeide_1.16.1_2/plugins/com.st.stm32cube.common.mx_6.12.1.202409122256//db//plugins/boardmanager/
2026-03-18 17:54:58,196 [INFO] ApiDb:261 - Set plugin images path to: /home/Andrea/st/stm32cubeide_1.16.1_2/plugins/com.st.stm32cube.common.mx_6.12.1.202409122256//db//plugins/mcufinder/images/
2026-03-18 17:54:58,196 [WARN] DbFile:41 - Overriding database path with different value: /root/.stmcufinder/plugins/mcufinder/ => /root/.stmcufinder/plugins/mcufinder
2026-03-18 17:54:58,196 [INFO] ApiDb:250 - Set database path to: /root/.stmcufinder/plugins/mcufinder//mcu/
2026-03-18 17:54:58,196 [WARN] DbFile:41 - Overriding database path with different value: /root/.stmcufinder/plugins/mcufinder/ => /root/.stmcufinder/plugins/mcufinder
2026-03-18 17:54:58,197 [INFO] DbMcusAds:125 - Set database path to: /root/.stmcufinder/plugins/mcufinder//mcu/
2026-03-18 17:54:58,197 [WARN] DbFile:41 - Overriding database path with different value: /root/.stmcufinder/plugins/mcufinder/ => /root/.stmcufinder/plugins/mcufinder
2026-03-18 17:54:58,197 [WARN] DbFile:41 - Overriding database path with different value: /root/.stmcufinder/plugins/mcufinder/ => /root/.stmcufinder/plugins/mcufinder
2026-03-18 17:54:58,197 [INFO] CrossReferenceDbSqlite:203 - Set database path to: /root/.stmcufinder/plugins/mcufinder//mcu/cs/
2026-03-18 17:54:58,305 [INFO] MainPanel:268 - HeapMemory: 268435456
2026-03-18 17:54:58,464 [INFO] DbMcusXml:78 - Set database path to: /home/Andrea/st/stm32cubeide_1.16.1_2/plugins/com.st.stm32cube.common.mx_6.12.1.202409122256//db//mcu/
2026-03-18 17:54:58,464 [INFO] ApiDb:274 - Set plugin database path to: /home/Andrea/st/stm32cubeide_1.16.1_2/plugins/com.st.stm32cube.common.mx_6.12.1.202409122256//db//plugins/boardmanager/
2026-03-18 17:54:58,465 [INFO] ApiDb:261 - Set plugin images path to: /home/Andrea/st/stm32cubeide_1.16.1_2/plugins/com.st.stm32cube.common.mx_6.12.1.202409122256//db//plugins/mcufinder/images/
2026-03-18 17:54:58,465 [WARN] DbFile:41 - Overriding database path with different value: /root/.stmcufinder/plugins/mcufinder/ => /root/.stmcufinder/plugins/mcufinder
2026-03-18 17:54:58,465 [INFO] ApiDb:250 - Set database path to: /root/.stmcufinder/plugins/mcufinder//mcu/
2026-03-18 17:54:58,466 [WARN] DbFile:41 - Overriding database path with different value: /root/.stmcufinder/plugins/mcufinder/ => /root/.stmcufinder/plugins/mcufinder
2026-03-18 17:54:58,466 [INFO] DbMcusAds:125 - Set database path to: /root/.stmcufinder/plugins/mcufinder//mcu/
2026-03-18 17:54:58,466 [WARN] DbFile:41 - Overriding database path with different value: /root/.stmcufinder/plugins/mcufinder/ => /root/.stmcufinder/plugins/mcufinder
2026-03-18 17:54:58,466 [WARN] DbFile:41 - Overriding database path with different value: /root/.stmcufinder/plugins/mcufinder/ => /root/.stmcufinder/plugins/mcufinder
2026-03-18 17:54:58,466 [INFO] CrossReferenceDbSqlite:203 - Set database path to: /root/.stmcufinder/plugins/mcufinder//mcu/cs/
2026-03-18 17:54:58,490 [INFO] ApplicationProperties:184 - Using Application install path: /home/Andrea/st/stm32cubeide_1.16.1_2/plugins/com.st.stm32cube.common.mx_6.12.1.202409122256
2026-03-18 17:54:58,492 [INFO] PluginManage:196 - Search for loadable plugins [exclusion list=, ]
2026-03-18 17:54:58,494 [INFO] PluginManage:310 - Check plugin analytics
2026-03-18 17:54:58,791 [INFO] AnalyticsPlugin:253 - Accepted Software Licenses: 
2026-03-18 17:54:58,792 [INFO] AnalyticsPlugin:255 - Accepted CMSIS Pack Licenses: 
2026-03-18 17:54:58,792 [INFO] AnalyticsPlugin:257 - Accepted Firmware Licenses: 
2026-03-18 17:54:58,797 [INFO] PluginManage:359 - Loaded plugin analytics (category:tool,tabindex:-1)
2026-03-18 17:54:58,797 [INFO] PluginManage:310 - Check plugin cadmodel
2026-03-18 17:54:58,802 [INFO] CADModel:105 - Init CAD model plugin
2026-03-18 17:54:58,803 [INFO] PluginManage:359 - Loaded plugin cadmodel (category:power,tabindex:5)
2026-03-18 17:54:58,803 [INFO] PluginManage:310 - Check plugin clock
2026-03-18 17:54:58,816 [INFO] PluginManage:359 - Loaded plugin clock (category:base,tabindex:2)
2026-03-18 17:54:58,816 [INFO] PluginManage:310 - Check plugin ddr
2026-03-18 17:54:58,819 [INFO] PluginManage:359 - Loaded plugin ddr (category:tool,tabindex:6)
2026-03-18 17:54:58,820 [INFO] PluginManage:310 - Check plugin filemanager
2026-03-18 17:54:59,074 [INFO] PluginManage:359 - Loaded plugin filemanager (category:base,tabindex:10)
2026-03-18 17:54:59,074 [INFO] PluginManage:310 - Check plugin ipmanager
2026-03-18 17:54:59,083 [INFO] PluginManage:359 - Loaded plugin ipmanager (category:base,tabindex:5)
2026-03-18 17:54:59,083 [INFO] PluginManage:310 - Check plugin lpbam
2026-03-18 17:54:59,098 [INFO] PluginManage:359 - Loaded plugin lpbam (category:base,tabindex:0)
2026-03-18 17:54:59,098 [INFO] PluginManage:310 - Check plugin memorymap
2026-03-18 17:54:59,116 [INFO] PluginManage:359 - Loaded plugin memorymap (category:base,tabindex:4)
2026-03-18 17:54:59,116 [INFO] PluginManage:310 - Check plugin pinoutandconfiguration
2026-03-18 17:54:59,128 [INFO] PluginManage:359 - Loaded plugin pinoutandconfiguration (category:base,tabindex:1)
2026-03-18 17:54:59,129 [INFO] PluginManage:310 - Check plugin pinoutconfig
2026-03-18 17:54:59,261 [WARN] SupportedApi:132 - Cannot load RTOS API schema: s4s-elt-must-match.1: The content of 'definitions' must match (annotation?, (simpleType | complexType)?, (unique | key | keyref)*)). A problem was found starting at: attribute.
2026-03-18 17:54:59,465 [INFO] PluginManage:359 - Loaded plugin pinoutconfig (category:base,tabindex:0)
2026-03-18 17:54:59,466 [INFO] PluginManage:310 - Check plugin power
2026-03-18 17:54:59,478 [INFO] PluginManage:359 - Loaded plugin power (category:power,tabindex:4)
2026-03-18 17:54:59,478 [INFO] PluginManage:310 - Check plugin projectmanager
2026-03-18 17:54:59,502 [INFO] PluginManage:359 - Loaded plugin projectmanager (category:projectmanager,tabindex:4)
2026-03-18 17:54:59,503 [INFO] PluginManage:310 - Check plugin rif
2026-03-18 17:54:59,512 [INFO] PluginManage:359 - Loaded plugin rif (category:base,tabindex:3)
2026-03-18 17:54:59,512 [INFO] PluginManage:310 - Check plugin thirdparty
2026-03-18 17:54:59,704 [INFO] PluginManage:359 - Loaded plugin thirdparty (category:base,tabindex:-1)
2026-03-18 17:54:59,704 [WARN] IntegrityCheckThread:84 - waiting for thirdparty lock release [integrity check]
2026-03-18 17:54:59,704 [INFO] PluginManage:310 - Check plugin tools
2026-03-18 17:54:59,704 [INFO] IntegrityCheckThread:86 - entering critical section [integrity check]
2026-03-18 17:54:59,705 [INFO] ThirdPartyUpdaterWithRetryManager:70 - Updater plugin not ready yet. [1/15]
2026-03-18 17:54:59,708 [INFO] PluginManage:359 - Loaded plugin tools (category:base,tabindex:7)
2026-03-18 17:54:59,708 [INFO] PluginManage:310 - Check plugin tutovideos
2026-03-18 17:55:00,015 [INFO] PluginManage:359 - Loaded plugin tutovideos (category:base,tabindex:-1)
2026-03-18 17:55:00,016 [INFO] PluginManage:310 - Check plugin updater
2026-03-18 17:55:00,043 [INFO] PluginManage:359 - Loaded plugin updater (category:base,tabindex:12)
2026-03-18 17:55:00,043 [INFO] PluginManage:310 - Check plugin userauth
2026-03-18 17:55:00,084 [INFO] UserAuth:113 - Init User Auth plugin
2026-03-18 17:55:00,085 [INFO] PluginManage:359 - Loaded plugin userauth (category:base,tabindex:14)
2026-03-18 17:55:00,086 [INFO] PluginManage:283 - PluginManage : Loaded plugins [18]
2026-03-18 17:55:00,416 [INFO] PinOutPanel:1561 - setPackage(No Configuration,No Configuration)
2026-03-18 17:55:00,523 [INFO] CADModel:165 - CPN selected for project level
2026-03-18 17:55:00,523 [INFO] CADModel:114 - Register for checkConnection events
2026-03-18 17:55:00,539 [INFO] IPUIPlugin:80 - create IPUIPlugin
2026-03-18 17:55:00,539 [INFO] PluginManager:220 - loadIPPluginJar : add touchsensing
2026-03-18 17:55:00,542 [INFO] IPUIPlugin:80 - create IPUIPlugin
2026-03-18 17:55:00,542 [INFO] PluginManager:220 - loadIPPluginJar : add ts
2026-03-18 17:55:00,545 [INFO] IPUIPlugin:80 - create IPUIPlugin
2026-03-18 17:55:00,546 [INFO] PluginManager:220 - loadIPPluginJar : add dma3
2026-03-18 17:55:00,550 [INFO] IPUIPlugin:80 - create IPUIPlugin
2026-03-18 17:55:00,550 [INFO] PluginManager:220 - loadIPPluginJar : add dfsdm
2026-03-18 17:55:00,552 [INFO] IPUIPlugin:80 - create IPUIPlugin
2026-03-18 17:55:00,553 [INFO] PluginManager:220 - loadIPPluginJar : add gtzc
2026-03-18 17:55:00,555 [INFO] IPUIPlugin:80 - create IPUIPlugin
2026-03-18 17:55:00,555 [INFO] PluginManager:220 - loadIPPluginJar : add tracer_emb
2026-03-18 17:55:00,557 [INFO] IPUIPlugin:80 - create IPUIPlugin
2026-03-18 17:55:00,558 [INFO] PluginManager:220 - loadIPPluginJar : add i2c
2026-03-18 17:55:00,560 [INFO] IPUIPlugin:80 - create IPUIPlugin
2026-03-18 17:55:00,560 [INFO] PluginManager:220 - loadIPPluginJar : add i2s
2026-03-18 17:55:00,567 [INFO] IPUIPlugin:80 - create IPUIPlugin
2026-03-18 17:55:00,568 [INFO] PluginManager:220 - loadIPPluginJar : add freertos
2026-03-18 17:55:00,570 [INFO] IPUIPlugin:80 - create IPUIPlugin
2026-03-18 17:55:00,570 [INFO] PluginManager:220 - loadIPPluginJar : add tsc
2026-03-18 17:55:00,573 [INFO] IPUIPlugin:80 - create IPUIPlugin
2026-03-18 17:55:00,573 [INFO] PluginManager:220 - loadIPPluginJar : add extmemmanager
2026-03-18 17:55:00,576 [INFO] IPUIPlugin:80 - create IPUIPlugin
2026-03-18 17:55:00,577 [INFO] PluginManager:220 - loadIPPluginJar : add usbx
2026-03-18 17:55:00,583 [INFO] IPUIPlugin:80 - create IPUIPlugin
2026-03-18 17:55:00,583 [INFO] PluginManager:220 - loadIPPluginJar : add resmgrutility
2026-03-18 17:55:00,586 [INFO] IPUIPlugin:80 - create IPUIPlugin
2026-03-18 17:55:00,586 [INFO] PluginManager:220 - loadIPPluginJar : add usart
2026-03-18 17:55:00,589 [INFO] IPUIPlugin:80 - create IPUIPlugin
2026-03-18 17:55:00,589 [INFO] PluginManager:220 - loadIPPluginJar : add openamp
2026-03-18 17:55:00,592 [INFO] IPUIPlugin:80 - create IPUIPlugin
2026-03-18 17:55:00,592 [INFO] PluginManager:220 - loadIPPluginJar : add can
2026-03-18 17:55:00,596 [INFO] IPUIPlugin:80 - create IPUIPlugin
2026-03-18 17:55:00,596 [INFO] PluginManager:220 - loadIPPluginJar : add spi
2026-03-18 17:55:00,598 [INFO] IPUIPlugin:80 - create IPUIPlugin
2026-03-18 17:55:00,599 [INFO] PluginManager:220 - loadIPPluginJar : add radio
2026-03-18 17:55:00,605 [INFO] IPUIPlugin:80 - create IPUIPlugin
2026-03-18 17:55:00,605 [INFO] PluginManager:220 - loadIPPluginJar : add dma
2026-03-18 17:55:00,607 [INFO] IPUIPlugin:80 - create IPUIPlugin
2026-03-18 17:55:00,607 [INFO] PluginManager:220 - loadIPPluginJar : add ltdc
2026-03-18 17:55:00,609 [INFO] IPUIPlugin:80 - create IPUIPlugin
2026-03-18 17:55:00,610 [INFO] PluginManager:220 - loadIPPluginJar : add hash
2026-03-18 17:55:00,617 [INFO] IPUIPlugin:80 - create IPUIPlugin
2026-03-18 17:55:00,617 [INFO] PluginManager:220 - loadIPPluginJar : add gic
2026-03-18 17:55:00,619 [INFO] IPUIPlugin:80 - create IPUIPlugin
2026-03-18 17:55:00,619 [INFO] PluginManager:220 - loadIPPluginJar : add fatfs
2026-03-18 17:55:00,622 [INFO] IPUIPlugin:80 - create IPUIPlugin
2026-03-18 17:55:00,623 [INFO] PluginManager:220 - loadIPPluginJar : add sai
2026-03-18 17:55:00,625 [INFO] IPUIPlugin:80 - create IPUIPlugin
2026-03-18 17:55:00,625 [INFO] PluginManager:220 - loadIPPluginJar : add gfxmmu
2026-03-18 17:55:00,629 [INFO] IPUIPlugin:80 - create IPUIPlugin
2026-03-18 17:55:00,630 [INFO] PluginManager:220 - loadIPPluginJar : add ddr_ctrl_phy
2026-03-18 17:55:00,633 [INFO] IPUIPlugin:80 - create IPUIPlugin
2026-03-18 17:55:00,634 [INFO] PluginManager:220 - loadIPPluginJar : add pdm2pcm
2026-03-18 17:55:00,637 [INFO] IPUIPlugin:80 - create IPUIPlugin
2026-03-18 17:55:00,637 [INFO] PluginManager:220 - loadIPPluginJar : add aes
2026-03-18 17:55:00,639 [INFO] IPUIPlugin:80 - create IPUIPlugin
2026-03-18 17:55:00,639 [INFO] PluginManager:220 - loadIPPluginJar : add quadspi
2026-03-18 17:55:00,644 [INFO] IPUIPlugin:80 - create IPUIPlugin
2026-03-18 17:55:00,644 [INFO] PluginManager:220 - loadIPPluginJar : add nvic
2026-03-18 17:55:00,650 [INFO] IPUIPlugin:80 - create IPUIPlugin
2026-03-18 17:55:00,650 [INFO] PluginManager:220 - loadIPPluginJar : add stm32_wpan
2026-03-18 17:55:00,654 [INFO] IPUIPlugin:80 - create IPUIPlugin
2026-03-18 17:55:00,654 [INFO] PluginManager:220 - loadIPPluginJar : add ipddr
2026-03-18 17:55:00,659 [INFO] IPUIPlugin:80 - create IPUIPlugin
2026-03-18 17:55:00,660 [INFO] PluginManager:220 - loadIPPluginJar : add adc
2026-03-18 17:55:00,662 [INFO] IPUIPlugin:80 - create IPUIPlugin
2026-03-18 17:55:00,663 [INFO] PluginManager:220 - loadIPPluginJar : add cryp
2026-03-18 17:55:00,672 [INFO] IPUIPlugin:80 - create IPUIPlugin
2026-03-18 17:55:00,672 [INFO] PluginManager:220 - loadIPPluginJar : add linkedlist
2026-03-18 17:55:00,679 [INFO] IPUIPlugin:80 - create IPUIPlugin
2026-03-18 17:55:00,684 [INFO] PluginManager:220 - loadIPPluginJar : add plateformsettings
2026-03-18 17:55:00,691 [INFO] IPUIPlugin:80 - create IPUIPlugin
2026-03-18 17:55:00,691 [INFO] PluginManager:220 - loadIPPluginJar : add mdma
2026-03-18 17:55:00,693 [INFO] IPUIPlugin:80 - create IPUIPlugin
2026-03-18 17:55:00,693 [INFO] PluginManager:220 - loadIPPluginJar : add genericplugin
2026-03-18 17:55:00,695 [INFO] IPUIPlugin:80 - create IPUIPlugin
2026-03-18 17:55:00,696 [INFO] PluginManager:220 - loadIPPluginJar : add tim
2026-03-18 17:55:00,698 [INFO] IPUIPlugin:80 - create IPUIPlugin
2026-03-18 17:55:00,698 [INFO] PluginManager:220 - loadIPPluginJar : add ucpd
2026-03-18 17:55:00,702 [INFO] IPUIPlugin:80 - create IPUIPlugin
2026-03-18 17:55:00,702 [INFO] PluginManager:220 - loadIPPluginJar : add lorawan
2026-03-18 17:55:00,707 [INFO] IPUIPlugin:80 - create IPUIPlugin
2026-03-18 17:55:00,707 [INFO] PluginManager:220 - loadIPPluginJar : add gpio
2026-03-18 17:55:00,710 [INFO] IPUIPlugin:80 - create IPUIPlugin
2026-03-18 17:55:00,710 [INFO] PluginManager:220 - loadIPPluginJar : add i3c
2026-03-18 17:55:00,714 [INFO] IPUIPlugin:80 - create IPUIPlugin
2026-03-18 17:55:00,714 [INFO] PluginManager:220 - loadIPPluginJar : add opamp
2026-03-18 17:55:00,720 [INFO] IPUIPlugin:80 - create IPUIPlugin
2026-03-18 17:55:00,720 [INFO] PluginManager:220 - loadIPPluginJar : add fmc
2026-03-18 17:55:00,722 [INFO] IPUIPlugin:80 - create IPUIPlugin
2026-03-18 17:55:00,722 [INFO] PluginManager:220 - loadIPPluginJar : add comp
2026-03-18 17:55:00,850 [INFO] CADModel:165 - CPN selected for project level
2026-03-18 17:55:00,850 [INFO] CADModel:114 - Register for checkConnection events
2026-03-18 17:55:00,850 [FATAL] Updater:334 - Updater called before beeing initialized
2026-03-18 17:55:00,851 [ERROR] CADModel:125 - Updater not yet initialized, retry later 
2026-03-18 17:55:00,995 [INFO] CADModel:165 - CPN selected for project level
2026-03-18 17:55:00,995 [INFO] CADModel:114 - Register for checkConnection events
2026-03-18 17:55:00,995 [FATAL] Updater:334 - Updater called before beeing initialized
2026-03-18 17:55:00,995 [ERROR] CADModel:125 - Updater not yet initialized, retry later 
2026-03-18 17:55:01,000 [FATAL] Updater:334 - Updater called before beeing initialized
2026-03-18 17:55:01,144 [FATAL] Updater:334 - Updater called before beeing initialized
2026-03-18 17:55:01,150 [INFO] DbMcusAds:53 - JSON generation date=Thu Mar 05 15:32:52 CET 2026 (1772721172610)
2026-03-18 17:55:01,151 [FATAL] Updater:334 - Updater called before beeing initialized
2026-03-18 17:55:01,200 [WARN] DetailPanel:346 - Failed to get advertising image, set to default
2026-03-18 17:55:01,296 [FATAL] Updater:334 - Updater called before beeing initialized
2026-03-18 17:55:01,298 [FATAL] Updater:334 - Updater called before beeing initialized
2026-03-18 17:55:01,298 [FATAL] Updater:334 - Updater called before beeing initialized
2026-03-18 17:55:01,299 [WARN] DetailPanel:346 - Failed to get advertising image, set to default
2026-03-18 17:55:01,300 [FATAL] Updater:334 - Updater called before beeing initialized
2026-03-18 17:55:01,349 [ERROR] Updater:1164 - MainUpdater not yet initialized. External WinMGr cannot be set.
2026-03-18 17:55:01,352 [INFO] Updater:1100 - Updater Version found : 6.12.1
2026-03-18 17:55:01,377 [INFO] ApplicationProperties:184 - Using Application install path: /home/Andrea/st/stm32cubeide_1.16.1_2/plugins/com.st.stm32cube.common.mx_6.12.1.202409122256
2026-03-18 17:55:02,130 [INFO] MainUpdater:2873 - connection check result : 10
2026-03-18 17:55:02,131 [INFO] MainUpdater:290 - Updater Check For Update Now.
2026-03-18 17:55:02,131 [INFO] MicroXplorer:498 - Change Database Version : DB.6.0.121
2026-03-18 17:55:02,141 [INFO] McuFinderGlobals:63 - Set McuFinder mode to 2 (CubeIDE integrated)
2026-03-18 17:55:02,142 [INFO] UserAuth:417 - Internet connection configuration mode: 1
2026-03-18 17:55:02,156 [INFO] JxBrowserEngine:152 - Initiate JxBrowser Engine with user profile folder
2026-03-18 17:55:02,486 [INFO] CheckServerUpdateThread:120 - End of CheckServer Thread
2026-03-18 17:55:03,138 [WARN] PackLoader:240 - Cannot read IP mode file for STMicroelectronics.X-CUBE-AZRTOS-H7.3.5.0
2026-03-18 17:55:03,182 [WARN] PackLoader:240 - Cannot read IP mode file for STMicroelectronics.FP-ATR-ASTRA1.2.0.2
2026-03-18 17:55:03,194 [WARN] PackLoader:240 - Cannot read IP mode file for STMicroelectronics.X-CUBE-SMBUS.2.1.0
2026-03-18 17:55:03,273 [INFO] WebApp:167 - Instantiating new browser for Auth
2026-03-18 17:55:03,287 [WARN] PackLoader:240 - Cannot read IP mode file for STMicroelectronics.X-CUBE-AZRTOS-F7.1.1.0
2026-03-18 17:55:03,334 [ERROR] Engine:466 - /root/.stm32cubemx/thirdparties/pdsc/STMicroelectronics.FP-SNS-MOTENV1.5.1.0.pdsc: PDSC version is not supported
2026-03-18 17:55:03,362 [ERROR] Engine:466 - /root/.stm32cubemx/thirdparties/pdsc/WES.I-CUBE-Cesium.1.4.0.pdsc: PDSC version is not supported
2026-03-18 17:55:03,390 [WARN] PackLoader:240 - Cannot read IP mode file for STMicroelectronics.X-CUBE-DISPLAY.3.0.0
2026-03-18 17:55:03,411 [ERROR] Engine:466 - /root/.stm32cubemx/thirdparties/pdsc/STMicroelectronics.FP-SNS-MOTENVWB1.1.5.0.pdsc: PDSC version is not supported
2026-03-18 17:55:03,435 [WARN] PackLoader:240 - Cannot read IP mode file for STMicroelectronics.X-CUBE-NFC10.1.0.0
2026-03-18 17:55:03,449 [ERROR] Engine:466 - /root/.stm32cubemx/thirdparties/pdsc/STMicroelectronics.X-CUBE-ST60.1.1.0.pdsc: PDSC version is not supported
2026-03-18 17:55:03,461 [WARN] PackLoader:240 - Cannot read IP mode file for emotas.I-CUBE-CANOPEN.1.3.0
2026-03-18 17:55:03,477 [WARN] PackLoader:240 - Cannot read IP mode file for STMicroelectronics.X-CUBE-GNSS1.7.1.0
2026-03-18 17:55:03,499 [ERROR] Engine:466 - /root/.stm32cubemx/thirdparties/pdsc/STMicroelectronics.FP-SNS-STBOX1.2.1.0.pdsc: PDSC version is not supported
2026-03-18 17:55:03,509 [WARN] PackLoader:240 - Cannot read IP mode file for STMicroelectronics.FP-SNS-SMARTAG2.1.2.0
2026-03-18 17:55:03,516 [ERROR] Engine:466 - /root/.stm32cubemx/thirdparties/pdsc/STMicroelectronics.FP-SNS-FLIGHT1.5.1.0.pdsc: PDSC version is not supported
2026-03-18 17:55:03,540 [INFO] LogOutputStream:77 - [STDOUT_REDIRECT] 1 : Invalid condition id : UX_CORESTACK_Condition cause : null
2026-03-18 17:55:03,542 [INFO] LogOutputStream:77 - [STDOUT_REDIRECT] 1 : Invalid condition id : UX_CORESTACK_Condition cause : null
2026-03-18 17:55:03,543 [INFO] LogOutputStream:77 - [STDOUT_REDIRECT] 1 : Invalid condition id : UX_CORESTACK_Condition cause : null
2026-03-18 17:55:03,543 [INFO] LogOutputStream:77 - [STDOUT_REDIRECT] 1 : Invalid condition id : UX_CORESTACK_Condition cause : null
2026-03-18 17:55:03,544 [INFO] LogOutputStream:77 - [STDOUT_REDIRECT] 1 : Invalid condition id : UX_CORESTACK_Condition cause : null
2026-03-18 17:55:03,553 [WARN] PackLoader:240 - Cannot read IP mode file for STMicroelectronics.X-CUBE-AZRTOS-WL.2.0.0
2026-03-18 17:55:03,666 [WARN] PackLoader:240 - Cannot read IP mode file for STMicroelectronics.X-CUBE-AZRTOS-H7RS.1.2.0
2026-03-18 17:55:03,702 [WARN] PackLoader:240 - Cannot read IP mode file for STMicroelectronics.X-CUBE-BLE2.3.3.0
2026-03-18 17:55:03,710 [ERROR] Engine:466 - /root/.stm32cubemx/thirdparties/pdsc/Avnet-IOTCONNECT.X-CUBE-iotc-st67-sdk.1.0.0.pdsc: PDSC version is not supported
2026-03-18 17:55:03,754 [WARN] PackLoader:240 - Cannot read IP mode file for Infineon.AIROC-Wi-Fi-Bluetooth-STM32.1.8.0
2026-03-18 17:55:03,774 [WARN] PackLoader:240 - Cannot read IP mode file for STMicroelectronics.X-CUBE-NFC9.1.0.0
2026-03-18 17:55:03,782 [WARN] PackLoader:240 - Cannot read IP mode file for STMicroelectronics.X-CUBE-BLE1.7.1.0
2026-03-18 17:55:03,787 [WARN] PackLoader:240 - Cannot read IP mode file for wolfSSL.I-CUBE-wolfMQTT.1.19.2
2026-03-18 17:55:03,796 [WARN] PackLoader:240 - Cannot read IP mode file for STMicroelectronics.X-CUBE-EEPRMA1.5.2.0
2026-03-18 17:55:03,804 [WARN] PackLoader:240 - Cannot read IP mode file for wolfSSL.I-CUBE-wolfSSL.5.8.4
2026-03-18 17:55:03,807 [ERROR] Engine:466 - /root/.stm32cubemx/thirdparties/pdsc/Cesanta.I-CUBE-Mongoose.7.20.0.pdsc: PDSC version is not supported
2026-03-18 17:55:03,904 [WARN] PackLoader:240 - Cannot read IP mode file for STMicroelectronics.X-CUBE-MEMS1.12.0.0
2026-03-18 17:55:04,253 [WARN] PackLoader:240 - Cannot read IP mode file for STMicroelectronics.X-CUBE-AZRTOS-G0.1.1.0
2026-03-18 17:55:04,283 [WARN] PackLoader:240 - Cannot read IP mode file for STMicroelectronics.X-CUBE-NFC4.3.0.0
2026-03-18 17:55:04,318 [WARN] PackLoader:240 - Cannot read IP mode file for EmbeddedOffice.I-CUBE-FS-RTOS.1.0.1
2026-03-18 17:55:04,319 [ERROR] ConditionMgr:805 - Attr not supported : Dmpu
2026-03-18 17:55:04,319 [ERROR] ConditionMgr:805 - Attr not supported : Dmpu
2026-03-18 17:55:04,319 [ERROR] ConditionMgr:805 - Attr not supported : Dmpu
2026-03-18 17:55:04,319 [ERROR] ConditionMgr:805 - Attr not supported : Dmpu
2026-03-18 17:55:04,319 [ERROR] ConditionMgr:805 - Attr not supported : Dmpu
2026-03-18 17:55:04,319 [ERROR] ConditionMgr:805 - Attr not supported : Dmpu
2026-03-18 17:55:04,319 [ERROR] ConditionMgr:805 - Attr not supported : Dmpu
2026-03-18 17:55:04,319 [ERROR] ConditionMgr:805 - Attr not supported : Dmpu
2026-03-18 17:55:04,321 [ERROR] ConditionMgr:805 - Attr not supported : Dmpu
2026-03-18 17:55:04,321 [ERROR] ConditionMgr:805 - Attr not supported : Dmpu
2026-03-18 17:55:04,321 [ERROR] ConditionMgr:805 - Attr not supported : Dmpu
2026-03-18 17:55:04,321 [ERROR] ConditionMgr:805 - Attr not supported : Dmpu
2026-03-18 17:55:04,322 [ERROR] ConditionMgr:805 - Attr not supported : Dmpu
2026-03-18 17:55:04,322 [ERROR] ConditionMgr:805 - Attr not supported : Dmpu
2026-03-18 17:55:04,322 [ERROR] ConditionMgr:805 - Attr not supported : Dmpu
2026-03-18 17:55:04,322 [ERROR] ConditionMgr:805 - Attr not supported : Dmpu
2026-03-18 17:55:04,322 [ERROR] ConditionMgr:805 - Attr not supported : Dmpu
2026-03-18 17:55:04,322 [ERROR] ConditionMgr:805 - Attr not supported : Dmpu
2026-03-18 17:55:04,322 [ERROR] ConditionMgr:805 - Attr not supported : Dmpu
2026-03-18 17:55:04,322 [ERROR] ConditionMgr:805 - Attr not supported : Dmpu
2026-03-18 17:55:04,328 [ERROR] ConditionMgr:805 - Attr not supported : Dmpu
2026-03-18 17:55:04,328 [ERROR] ConditionMgr:805 - Attr not supported : Dmpu
2026-03-18 17:55:04,328 [ERROR] ConditionMgr:805 - Attr not supported : Dmpu
2026-03-18 17:55:04,328 [ERROR] ConditionMgr:805 - Attr not supported : Dmpu
2026-03-18 17:55:04,329 [ERROR] ConditionMgr:805 - Attr not supported : Dmpu
2026-03-18 17:55:04,332 [ERROR] ConditionMgr:805 - Attr not supported : Dmpu
2026-03-18 17:55:04,332 [ERROR] ConditionMgr:805 - Attr not supported : Dmpu
2026-03-18 17:55:04,332 [ERROR] ConditionMgr:805 - Attr not supported : Dmpu
2026-03-18 17:55:04,332 [ERROR] ConditionMgr:805 - Attr not supported : Dmpu
2026-03-18 17:55:04,333 [ERROR] ConditionMgr:805 - Attr not supported : Dmpu
2026-03-18 17:55:04,333 [ERROR] ConditionMgr:805 - Attr not supported : Dmpu
2026-03-18 17:55:04,333 [ERROR] ConditionMgr:805 - Attr not supported : Dmpu
2026-03-18 17:55:04,333 [ERROR] ConditionMgr:805 - Attr not supported : Dmpu
2026-03-18 17:55:04,333 [ERROR] ConditionMgr:805 - Attr not supported : Dmpu
2026-03-18 17:55:04,333 [ERROR] ConditionMgr:805 - Attr not supported : Dmpu
2026-03-18 17:55:04,333 [ERROR] ConditionMgr:805 - Attr not supported : Dmpu
2026-03-18 17:55:04,334 [ERROR] ConditionMgr:805 - Attr not supported : Dmpu
2026-03-18 17:55:04,334 [ERROR] ConditionMgr:805 - Attr not supported : Dmpu
2026-03-18 17:55:04,334 [ERROR] ConditionMgr:805 - Attr not supported : Dmpu
2026-03-18 17:55:04,334 [ERROR] ConditionMgr:805 - Attr not supported : Dmpu
2026-03-18 17:55:04,334 [ERROR] ConditionMgr:805 - Attr not supported : Dmpu
2026-03-18 17:55:04,334 [ERROR] ConditionMgr:805 - Attr not supported : Dmpu
2026-03-18 17:55:04,335 [ERROR] ConditionMgr:805 - Attr not supported : Dmpu
2026-03-18 17:55:04,338 [ERROR] ConditionMgr:805 - Attr not supported : Dmpu
2026-03-18 17:55:04,338 [ERROR] ConditionMgr:805 - Attr not supported : Dmpu
2026-03-18 17:55:04,338 [ERROR] ConditionMgr:805 - Attr not supported : Dmpu
2026-03-18 17:55:04,339 [ERROR] ConditionMgr:805 - Attr not supported : Dmpu
2026-03-18 17:55:04,339 [ERROR] ConditionMgr:805 - Attr not supported : Dmpu
2026-03-18 17:55:04,339 [ERROR] ConditionMgr:805 - Attr not supported : Dmpu
2026-03-18 17:55:04,339 [ERROR] ConditionMgr:805 - Attr not supported : Dmpu
2026-03-18 17:55:04,339 [ERROR] ConditionMgr:805 - Attr not supported : Dmpu
2026-03-18 17:55:04,339 [ERROR] ConditionMgr:805 - Attr not supported : Dmpu
2026-03-18 17:55:04,342 [ERROR] ConditionMgr:805 - Attr not supported : Dmpu
2026-03-18 17:55:04,342 [ERROR] ConditionMgr:805 - Attr not supported : Dmpu
2026-03-18 17:55:04,342 [ERROR] ConditionMgr:805 - Attr not supported : Dmpu
2026-03-18 17:55:04,344 [ERROR] ConditionMgr:805 - Attr not supported : Dmpu
2026-03-18 17:55:04,344 [ERROR] ConditionMgr:805 - Attr not supported : Dmpu
2026-03-18 17:55:04,345 [ERROR] ConditionMgr:805 - Attr not supported : Dmpu
2026-03-18 17:55:04,345 [ERROR] ConditionMgr:805 - Attr not supported : Dmpu
2026-03-18 17:55:04,345 [ERROR] ConditionMgr:805 - Attr not supported : Dmpu
2026-03-18 17:55:04,345 [ERROR] ConditionMgr:805 - Attr not supported : Dmpu
2026-03-18 17:55:04,347 [ERROR] ConditionMgr:805 - Attr not supported : Dmpu
2026-03-18 17:55:04,347 [ERROR] ConditionMgr:805 - Attr not supported : Dmpu
2026-03-18 17:55:04,347 [ERROR] ConditionMgr:805 - Attr not supported : Dmpu
2026-03-18 17:55:04,365 [WARN] PackLoader:240 - Cannot read IP mode file for STMicroelectronics.X-CUBE-WB05N.2.0.0
2026-03-18 17:55:04,378 [WARN] PackLoader:240 - Cannot read IP mode file for wolfSSL.I-CUBE-wolfTPM.3.8.0
2026-03-18 17:55:04,386 [ERROR] Engine:466 - /root/.stm32cubemx/thirdparties/pdsc/STMicroelectronics.X-CUBE-TCPP.4.2.0.pdsc: PDSC version is not supported
2026-03-18 17:55:04,398 [WARN] PackLoader:240 - Cannot read IP mode file for RealThread.X-CUBE-RT-Thread_Nano.4.1.1
2026-03-18 17:55:04,410 [WARN] PackLoader:240 - Cannot read IP mode file for STMicroelectronics.FP-ATR-SIGFOX1.3.2.0
2026-03-18 17:55:04,420 [ERROR] Engine:466 - /root/.stm32cubemx/thirdparties/pdsc/STMicroelectronics.X-CUBE-FREERTOS.1.5.0.pdsc: PDSC version is not supported
2026-03-18 17:55:04,432 [WARN] PackLoader:240 - Cannot read IP mode file for ITTIA_DB.I-CUBE-ITTIADB.8.9.0
2026-03-18 17:55:04,447 [WARN] PackLoader:240 - Cannot read IP mode file for STMicroelectronics.X-CUBE-NFC6.3.2.0
2026-03-18 17:55:04,457 [WARN] PackLoader:240 - Cannot read IP mode file for STMicroelectronics.X-CUBE-AI.10.2.0
2026-03-18 17:55:04,621 [WARN] PackLoader:240 - Cannot read IP mode file for SEGGER.I-CUBE-embOS.1.3.1
2026-03-18 17:55:04,800 [WARN] PackLoader:240 - Cannot read IP mode file for STMicroelectronics.X-CUBE-ALGOBUILD.1.4.0
2026-03-18 17:55:04,807 [WARN] PackLoader:240 - Cannot read IP mode file for STMicroelectronics.X-CUBE-PM33A1.1.0.0
2026-03-18 17:55:04,839 [WARN] PackLoader:240 - Cannot read IP mode file for STMicroelectronics.X-CUBE-AZRTOS-F4.1.1.0
2026-03-18 17:55:04,856 [WARN] PackLoader:240 - Cannot read IP mode file for STMicroelectronics.X-CUBE-ISPU.2.1.0
2026-03-18 17:55:04,867 [ERROR] Engine:466 - /root/.stm32cubemx/thirdparties/pdsc/STMicroelectronics.X-CUBE-IPS.3.2.0.pdsc: PDSC version is not supported
2026-03-18 17:55:04,884 [WARN] PackLoader:240 - Cannot read IP mode file for STMicroelectronics.X-CUBE-NFC12.1.0.0
2026-03-18 17:55:04,947 [WARN] PackLoader:240 - Cannot read IP mode file for STMicroelectronics.X-CUBE-AZRTOS-L5.2.0.0
2026-03-18 17:55:04,971 [WARN] PackLoader:240 - Cannot read IP mode file for STMicroelectronics.X-CUBE-TOUCHGFX.4.26.1
2026-03-18 17:55:04,974 [ERROR] Engine:466 - /root/.stm32cubemx/thirdparties/pdsc/STMicroelectronics.FP-SNS-STAIOTCFT.1.0.0.pdsc: PDSC version is not supported
2026-03-18 17:55:04,979 [WARN] PackLoader:240 - Cannot read IP mode file for STMicroelectronics.X-CUBE-DPower.1.3.0
2026-03-18 17:55:05,023 [WARN] ConditionMgr:438 - getConditionDescription Invalid condition id : LAN8742 Phy interface Condition cause : null
2026-03-18 17:55:05,024 [WARN] PackLoader:240 - Cannot read IP mode file for STMicroelectronics.X-CUBE-AZRTOS-L4.2.0.0
2026-03-18 17:55:05,028 [WARN] ConditionMgr:1039 - genDependencies : Invalid condition id : LAN8742 Phy interface Condition cause : null
2026-03-18 17:55:05,030 [WARN] ConditionMgr:1039 - genDependencies : Invalid condition id : LAN8742 Phy interface Condition cause : null
2026-03-18 17:55:05,032 [WARN] ConditionMgr:1039 - genDependencies : Invalid condition id : LAN8742 Phy interface Condition cause : null
2026-03-18 17:55:05,049 [WARN] PackLoader:240 - Cannot read IP mode file for STMicroelectronics.X-CUBE-SFXS2LP1.4.0.0
2026-03-18 17:55:05,056 [ERROR] Engine:466 - /root/.stm32cubemx/thirdparties/pdsc/STMicroelectronics.X-CUBE-ST67W61.1.2.0.pdsc: PDSC version is not supported
2026-03-18 17:55:05,067 [ERROR] Engine:466 - /root/.stm32cubemx/thirdparties/pdsc/STMicroelectronics.X-CUBE-BLEMGR.4.1.0.pdsc: PDSC version is not supported
2026-03-18 17:55:05,117 [WARN] ConditionMgr:438 - getConditionDescription Invalid condition id : UX DEVICE CLASS RTOS Condition cause : null
2026-03-18 17:55:05,118 [WARN] ConditionMgr:438 - getConditionDescription Invalid condition id : UX DEVICE CLASS RTOS Condition cause : null
2026-03-18 17:55:05,124 [WARN] PackLoader:240 - Cannot read IP mode file for STMicroelectronics.X-CUBE-AZRTOS-WB.2.0.0
2026-03-18 17:55:05,125 [WARN] ConditionMgr:1039 - genDependencies : Invalid condition id : UX DEVICE CLASS RTOS Condition cause : null
2026-03-18 17:55:05,125 [WARN] ConditionMgr:1039 - genDependencies : Invalid condition id : UX DEVICE CLASS RTOS Condition cause : null
2026-03-18 17:55:05,128 [WARN] ConditionMgr:1039 - genDependencies : Invalid condition id : UX DEVICE CLASS RTOS Condition cause : null
2026-03-18 17:55:05,129 [WARN] ConditionMgr:1039 - genDependencies : Invalid condition id : UX DEVICE CLASS RTOS Condition cause : null
2026-03-18 17:55:05,130 [WARN] ConditionMgr:1039 - genDependencies : Invalid condition id : UX DEVICE CLASS RTOS Condition cause : null
2026-03-18 17:55:05,141 [WARN] ConditionMgr:438 - getConditionDescription Invalid condition id : Cortex-A Device cause : null
2026-03-18 17:55:05,171 [WARN] ConditionMgr:1039 - genDependencies : Invalid condition id : Cortex-A Device cause : null
2026-03-18 17:55:05,172 [WARN] ConditionMgr:1039 - genDependencies : Invalid condition id : Cortex-A Device cause : null
2026-03-18 17:55:05,172 [WARN] ConditionMgr:1039 - genDependencies : Invalid condition id : Cortex-A Device cause : null
2026-03-18 17:55:05,183 [WARN] PackLoader:240 - Cannot read IP mode file for STMicroelectronics.X-CUBE-STSE01.2.0.0
2026-03-18 17:55:05,210 [WARN] PackLoader:240 - Cannot read IP mode file for STMicroelectronics.X-CUBE-SUBG2.5.0.0
2026-03-18 17:55:05,244 [WARN] PackLoader:240 - Cannot read IP mode file for STMicroelectronics.X-CUBE-AZRTOS-G4.2.0.0
2026-03-18 17:55:05,252 [WARN] PackLoader:240 - Cannot read IP mode file for wolfSSL.I-CUBE-wolfSSH.1.4.20
2026-03-18 17:55:05,263 [WARN] PackLoader:240 - Cannot read IP mode file for STMicroelectronics.X-CUBE-NFC7.2.0.0
2026-03-18 17:55:05,269 [WARN] PackLoader:240 - Cannot read IP mode file for STMicroelectronics.X-CUBE-ALS.1.0.2
2026-03-18 17:55:05,281 [ERROR] Engine:466 - /root/.stm32cubemx/thirdparties/pdsc/STMicroelectronics.X-CUBE-TOF1.3.4.3.pdsc: PDSC version is not supported
2026-03-18 17:55:05,282 [INFO] ThirdParty:978 - Integrity check success = true
2026-03-18 17:55:05,283 [INFO] IntegrityCheckThread:100 - exiting critical section [integrity check]
2026-03-18 17:55:05,283 [INFO] IntegrityCheckThread:103 - End integrity checks thread
2026-03-18 17:55:05,464 [INFO] WebApp:448 - Apply proxy settings
2026-03-18 17:55:05,464 [INFO] WebApp:533 - Chromium requires no authentication
2026-03-18 17:55:05,473 [INFO] WebApp:476 - Direct internet connection detected
2026-03-18 17:55:05,509 [INFO] WebApp:869 - Register for checkConnection events
2026-03-18 17:55:05,510 [INFO] WebApp:448 - Apply proxy settings
2026-03-18 17:55:05,510 [INFO] WebApp:533 - Chromium requires no authentication
2026-03-18 17:55:05,511 [INFO] WebApp:476 - Direct internet connection detected
2026-03-18 17:55:05,774 [INFO] WebApp:220 - Starting web application
2026-03-18 17:55:05,775 [INFO] WebApp:578 - Web application path used /home/Andrea/st/stm32cubeide_1.16.1_2/plugins/com.st.stm32cube.common.mx_6.12.1.202409122256/db/plugins/mcufinder/reactClient1/index.html
2026-03-18 17:55:05,986 [INFO] UserAuth:417 - Internet connection configuration mode: 1
2026-03-18 17:55:06,030 [ERROR] LogOutputStream:75 - [STDERR_REDIRECT] java.lang.UnsatisfiedLinkError: /home/Andrea/st/stm32cubeide_1.16.1_2/configuration/org.eclipse.osgi/203/0/.cp/os/linux/x86_64/libserial.so: /home/Andrea/st/stm32cubeide_1.16.1_2/configuration/org.eclipse.osgi/203/0/.cp/os/linux/x86_64/libserial.so: file troppo corto
2026-03-18 17:55:06,034 [ERROR] LogOutputStream:75 - [STDERR_REDIRECT] 	at java.base/jdk.internal.loader.NativeLibraries.load(Native Method)
2026-03-18 17:55:06,035 [ERROR] LogOutputStream:75 - [STDERR_REDIRECT] 	at java.base/jdk.internal.loader.NativeLibraries$NativeLibraryImpl.open(NativeLibraries.java:388)
2026-03-18 17:55:06,035 [ERROR] LogOutputStream:75 - [STDERR_REDIRECT] 	at java.base/jdk.internal.loader.NativeLibraries.loadLibrary(NativeLibraries.java:232)
2026-03-18 17:55:06,035 [ERROR] LogOutputStream:75 - [STDERR_REDIRECT] 	at java.base/jdk.internal.loader.NativeLibraries.loadLibrary(NativeLibraries.java:174)
2026-03-18 17:55:06,036 [ERROR] LogOutputStream:75 - [STDERR_REDIRECT] 	at java.base/java.lang.ClassLoader.loadLibrary(ClassLoader.java:2420)
2026-03-18 17:55:06,036 [ERROR] LogOutputStream:75 - [STDERR_REDIRECT] 	at java.base/java.lang.Runtime.loadLibrary0(Runtime.java:818)
2026-03-18 17:55:06,037 [ERROR] LogOutputStream:75 - [STDERR_REDIRECT] 	at java.base/java.lang.System.loadLibrary(System.java:1993)
2026-03-18 17:55:06,041 [ERROR] LogOutputStream:75 - [STDERR_REDIRECT] 	at org.eclipse.cdt.serial.SerialPort.<clinit>(SerialPort.java:52)
2026-03-18 17:55:06,041 [ERROR] LogOutputStream:75 - [STDERR_REDIRECT] 	at com.st.stm32cube.ide.mpu.remote.serial.internal.SerialPortProviderLinux.run(SerialPortProviderLinux.java:148)
2026-03-18 17:55:06,042 [ERROR] LogOutputStream:75 - [STDERR_REDIRECT] 	at java.base/java.util.TimerThread.mainLoop(Timer.java:566)
2026-03-18 17:55:06,042 [ERROR] LogOutputStream:75 - [STDERR_REDIRECT] 	at java.base/java.util.TimerThread.run(Timer.java:516)
2026-03-18 17:55:06,368 [INFO] WebApp:186 - Connection restablished
